2016/04/11 17:37:41 [1;34m[parser.go:61][I] /home/azureuser/go/src/go-MyVIT/controllers no changed [0m
2016/04/11 17:37:41 [1;34m[parser.go:61][I] /home/azureuser/go/src/go-MyVIT/controllers no changed [0m
2016/04/11 17:37:41 [1;34m[asm_amd64.s:1998][I] http server Running on :8080[0m
<nil>
https://academics.vit.ac.in/student/stud_login.asp
2016/04/11 17:37:48 [1;34m[router.go:829][D] | GET        | /campus/vellore/login                    | 2.3024847s       | match      | /campus/:campus/login/                   | [0m
<nil>
https://academics.vit.ac.in/student/stud_login.asp
2016/04/11 17:37:57 [1;34m[router.go:829][D] | GET        | /campus/vellore/login                    | 2.2632031s       | match      | /campus/:campus/login/                   | [0m
<nil>
https://academics.vit.ac.in/student/home.asp
2016/04/11 17:38:36 [1;34m[router.go:829][D] | GET        | /campus/vellore/login                    | 2.2595546s       | match      | /campus/:campus/login/                   | [0m
https://academics.vit.ac.in/student/stud_home.asp
2016/04/11 17:38:54 [1;34m[router.go:829][D] | GET        | /campus/vellore/timetable                | 2.5576597s       | match      | /campus/:campus/timetable/               | [0m
2016/04/11 20:28:55 [1;34m[router.go:829][D] | HEAD       | /                                        | 792.7µs          | notmatch   | [0m
2016/04/11 21:55:26 [1;34m[router.go:829][D] | GET        | /cache/global/img/gs.gif                 | 678.1µs          | notmatch   | [0m
2016/04/12 01:17:58 [1;34m[router.go:829][D] | GET        | /manager/html                            | 724.2µs          | notmatch   | [0m
2016/04/12 01:28:32 [1;34m[router.go:829][D] | GET        | /manager/html                            | 522.9µs          | notmatch   | [0m
2016/04/12 06:37:58 [1;34m[router.go:829][D] | GET        | /testproxy.php                           | 684.6µs          | notmatch   | [0m
2016/04/12 08:25:17 [1;34m[router.go:829][D] | GET        | /testproxy.php                           | 445.8µs          | notmatch   | [0m
<nil>
https://academics.vit.ac.in/student/home.asp
2016/04/12 17:20:19 [1;34m[router.go:829][D] | GET        | /campus/vellore/login                    | 2.2634802s       | match      | /campus/:campus/login/                   | [0m
2016/04/12 17:20:19 [1;33m[staticfile.go:51][W] Can't find/open the file:  /favicon.ico file not find [0m
https://academics.vit.ac.in/student/stud_home.asp
2016/04/12 17:20:28 [1;34m[router.go:829][D] | GET        | /campus/vellore/timetable                | 3.0460117s       | match      | /campus/:campus/timetable/               | [0m
2016/04/12 17:29:29 [1;34m[router.go:829][D] | GET        | /manager/html                            | 765.9µs          | notmatch   | [0m
2016/04/12 22:05:07 [1;34m[router.go:829][D] | GET        | /reader/about/                           | 1.1624ms         | notmatch   | [0m
<nil>
https://academics.vit.ac.in/student/home.asp
2016/04/13 07:15:59 [1;34m[router.go:829][D] | GET        | /campus/vellore/login                    | 2.5850116s       | match      | /campus/:campus/login/                   | [0m
2016/04/13 07:16:00 [1;33m[staticfile.go:51][W] Can't find/open the file:  /favicon.ico file not find [0m
https://academics.vit.ac.in/student/stud_home.asp
2016/04/13 07:16:09 [1;34m[router.go:829][D] | GET        | /campus/vellore/timetable                | 2.628118s        | match      | /campus/:campus/timetable/               | [0m
2016/04/13 07:49:59 [1;34m[router.go:829][D] | GET        | /manager/html                            | 733.1µs          | notmatch   | [0m
2016/04/13 08:05:20 [1;34m[router.go:829][D] | GET        | /manager/html                            | 725.7µs          | notmatch   | [0m
2016/04/13 08:06:37 [1;34m[parser.go:61][I] /home/azureuser/go/src/go-MyVIT/controllers no changed [0m
2016/04/13 08:06:37 [1;34m[parser.go:61][I] /home/azureuser/go/src/go-MyVIT/controllers no changed [0m
2016/04/13 08:06:37 [1;34m[parser.go:61][I] /home/azureuser/go/src/go-MyVIT/controllers no changed [0m
2016/04/13 08:06:37 [1;34m[parser.go:61][I] /home/azureuser/go/src/go-MyVIT/controllers no changed [0m
2016/04/13 08:06:37 [1;34m[parser.go:61][I] /home/azureuser/go/src/go-MyVIT/controllers no changed [0m
2016/04/13 08:06:37 [1;34m[parser.go:61][I] /home/azureuser/go/src/go-MyVIT/controllers no changed [0m
2016/04/13 08:06:37 [1;34m[parser.go:61][I] /home/azureuser/go/src/go-MyVIT/controllers no changed [0m
2016/04/13 08:06:37 [1;34m[asm_amd64.s:1998][I] http server Running on :8080[0m
<nil>
https://academics.vit.ac.in/student/home.asp
2016/04/13 08:06:57 [1;34m[router.go:829][D] | GET        | /campus/vellore/login                    | 2.3027412s       | match      | /campus/:campus/login/                   | [0m
Working
Number of rows =  26
2016/04/13 08:07:10 [1;34m[router.go:829][D] | GET        | /campus/vellore/examschedule             | 3.0523373s       | match      | /campus/:campus/examschedule/            | [0m
2016/04/13 09:33:23 [1;34m[parser.go:61][I] /home/azureuser/go/src/go-MyVIT/controllers no changed [0m
2016/04/13 09:33:23 [1;34m[parser.go:61][I] /home/azureuser/go/src/go-MyVIT/controllers no changed [0m
2016/04/13 09:33:23 [1;34m[parser.go:61][I] /home/azureuser/go/src/go-MyVIT/controllers no changed [0m
2016/04/13 09:33:23 [1;34m[parser.go:61][I] /home/azureuser/go/src/go-MyVIT/controllers no changed [0m
2016/04/13 09:33:23 [1;34m[parser.go:61][I] /home/azureuser/go/src/go-MyVIT/controllers no changed [0m
2016/04/13 09:33:23 [1;34m[parser.go:61][I] /home/azureuser/go/src/go-MyVIT/controllers no changed [0m
2016/04/13 09:33:23 [1;34m[parser.go:61][I] /home/azureuser/go/src/go-MyVIT/controllers no changed [0m
2016/04/13 09:33:23 [1;34m[asm_amd64.s:1998][I] http server Running on :8080[0m
2016/04/13 09:34:19 [1;34m[router.go:829][D] | GET        | /manager/html                            | 647.2µs          | notmatch   | [0m
2016/04/13 09:44:54 [1;34m[router.go:829][D] | GET        | /manager/html                            | 598.6µs          | notmatch   | [0m
2016/04/13 10:59:44 [1;34m[parser.go:61][I] /home/azureuser/go/src/go-MyVIT/controllers no changed [0m
2016/04/13 10:59:44 [1;34m[parser.go:61][I] /home/azureuser/go/src/go-MyVIT/controllers no changed [0m
2016/04/13 10:59:44 [1;34m[parser.go:61][I] /home/azureuser/go/src/go-MyVIT/controllers no changed [0m
2016/04/13 10:59:44 [1;34m[parser.go:61][I] /home/azureuser/go/src/go-MyVIT/controllers no changed [0m
2016/04/13 10:59:44 [1;34m[parser.go:61][I] /home/azureuser/go/src/go-MyVIT/controllers no changed [0m
2016/04/13 10:59:44 [1;34m[parser.go:61][I] /home/azureuser/go/src/go-MyVIT/controllers no changed [0m
2016/04/13 10:59:44 [1;34m[parser.go:61][I] /home/azureuser/go/src/go-MyVIT/controllers no changed [0m
2016/04/13 10:59:44 [1;34m[parser.go:61][I] /home/azureuser/go/src/go-MyVIT/controllers no changed [0m
2016/04/13 10:59:44 [1;34m[asm_amd64.s:1998][I] http server Running on :8080[0m
2016/04/13 11:00:18 [1;35m[router.go:854][C] the request url is  /campus/vellore/coursepage/courses [0m
2016/04/13 11:00:18 [1;35m[router.go:855][C] Handler crashed with error interface conversion: interface {} is nil, not *cacheSession.MemCache [0m
2016/04/13 11:00:18 [1;35m[router.go:861][C] /usr/local/go/src/runtime/asm_amd64.s:472 [0m
2016/04/13 11:00:18 [1;35m[router.go:861][C] /usr/local/go/src/runtime/panic.go:426 [0m
2016/04/13 11:00:18 [1;35m[router.go:861][C] /usr/local/go/src/runtime/iface.go:182 [0m
2016/04/13 11:00:18 [1;35m[router.go:861][C] /home/azureuser/go/src/go-MyVIT/api/cache/set.go:16 [0m
2016/04/13 11:00:18 [1;35m[router.go:861][C] /home/azureuser/go/src/go-MyVIT/api/api.go:64 [0m
2016/04/13 11:00:18 [1;35m[router.go:861][C] /home/azureuser/go/src/go-MyVIT/controllers/coursepage.go:43 [0m
2016/04/13 11:00:18 [1;35m[router.go:861][C] /usr/local/go/src/runtime/asm_amd64.s:472 [0m
2016/04/13 11:00:18 [1;35m[router.go:861][C] /usr/local/go/src/reflect/value.go:435 [0m
2016/04/13 11:00:18 [1;35m[router.go:861][C] /usr/local/go/src/reflect/value.go:303 [0m
2016/04/13 11:00:18 [1;35m[router.go:861][C] /home/azureuser/go/src/github.com/astaxie/beego/router.go:778 [0m
2016/04/13 11:00:18 [1;35m[router.go:861][C] /usr/local/go/src/net/http/server.go:2081 [0m
2016/04/13 11:00:18 [1;35m[router.go:861][C] /usr/local/go/src/net/http/server.go:1472 [0m
2016/04/13 11:00:18 [1;35m[router.go:861][C] /usr/local/go/src/runtime/asm_amd64.s:1998 [0m
<nil>
https://academics.vit.ac.in/student/home.asp
2016/04/13 11:00:35 [1;34m[router.go:829][D] | GET        | /campus/vellore/login                    | 2.2440743s       | match      | /campus/:campus/login/                   | [0m
2016/04/13 11:00:40 [1;34m[router.go:829][D] | GET        | /campus/vellore/coursepage/courses       | 2.4193801s       | match      | /campus/:campus/coursepage/:category/    | [0m
https://academics.vit.ac.in/student/timetable_ws.asp
Working
Number of rows =  26
2016/04/13 11:01:30 [1;34m[router.go:829][D] | GET        | /campus/vellore/refresh                  | 3.7147904s       | match      | /campus/:campus/refresh/                 | [0m
2016/04/13 11:08:28 [1;34m[router.go:829][D] | GET        | /manager/html                            | 787.2µs          | notmatch   | [0m
<nil>
https://academics.vit.ac.in/student/home.asp
2016/04/13 11:27:23 [1;34m[router.go:829][D] | GET        | /campus/vellore/login                    | 2.2380416s       | match      | /campus/:campus/login/                   | [0m
https://academics.vit.ac.in/student/stud_home.asp
Working
Number of rows =  26
2016/04/13 11:27:37 [1;34m[router.go:829][D] | GET        | /campus/vellore/refresh                  | 4.31297s         | match      | /campus/:campus/refresh/                 | [0m
2016/04/13 11:33:24 [1;35m[router.go:854][C] the request url is  /campus/vellore/refresh [0m
2016/04/13 11:33:24 [1;35m[router.go:855][C] Handler crashed with error interface conversion: interface {} is nil, not *cacheSession.MemCache [0m
2016/04/13 11:33:24 [1;35m[router.go:861][C] /usr/local/go/src/runtime/asm_amd64.s:472 [0m
2016/04/13 11:33:24 [1;35m[router.go:861][C] /usr/local/go/src/runtime/panic.go:426 [0m
2016/04/13 11:33:24 [1;35m[router.go:861][C] /usr/local/go/src/runtime/iface.go:182 [0m
2016/04/13 11:33:24 [1;35m[router.go:861][C] /home/azureuser/go/src/go-MyVIT/api/cache/set.go:16 [0m
2016/04/13 11:33:24 [1;35m[router.go:861][C] /home/azureuser/go/src/go-MyVIT/api/api.go:88 [0m
2016/04/13 11:33:24 [1;35m[router.go:861][C] /home/azureuser/go/src/go-MyVIT/controllers/refresh.go:39 [0m
2016/04/13 11:33:24 [1;35m[router.go:861][C] /usr/local/go/src/runtime/asm_amd64.s:472 [0m
2016/04/13 11:33:24 [1;35m[router.go:861][C] /usr/local/go/src/reflect/value.go:435 [0m
2016/04/13 11:33:24 [1;35m[router.go:861][C] /usr/local/go/src/reflect/value.go:303 [0m
2016/04/13 11:33:24 [1;35m[router.go:861][C] /home/azureuser/go/src/github.com/astaxie/beego/router.go:778 [0m
2016/04/13 11:33:24 [1;35m[router.go:861][C] /usr/local/go/src/net/http/server.go:2081 [0m
2016/04/13 11:33:24 [1;35m[router.go:861][C] /usr/local/go/src/net/http/server.go:1472 [0m
2016/04/13 11:33:24 [1;35m[router.go:861][C] /usr/local/go/src/runtime/asm_amd64.s:1998 [0m
<nil>
https://academics.vit.ac.in/student/home.asp
2016/04/13 11:33:39 [1;34m[router.go:829][D] | GET        | /campus/vellore/login                    | 2.3199764s       | match      | /campus/:campus/login/                   | [0m
https://academics.vit.ac.in/student/stud_home.asp
Working
Number of rows =  26
2016/04/13 11:33:55 [1;34m[router.go:829][D] | GET        | /campus/vellore/refresh                  | 15.0480938s      | match      | /campus/:campus/refresh/                 | [0m
2016/04/13 11:35:34 [1;34m[router.go:829][D] | GET        | /testproxy.php                           | 554.2µs          | notmatch   | [0m
2016/04/13 11:54:49 [1;34m[router.go:829][D] | GET        | /testproxy.php                           | 592.3µs          | notmatch   | [0m
2016/04/13 12:19:35 [1;34m[router.go:829][D] | GET        | /                                        | 773µs            | notmatch   | [0m
<nil>
https://academics.vit.ac.in/student/home.asp
2016/04/13 14:59:41 [1;34m[router.go:829][D] | GET        | /campus/vellore/login                    | 2.3434693s       | match      | /campus/:campus/login/                   | [0m
https://academics.vit.ac.in/student/stud_home.asp
Working
Number of rows =  26
2016/04/13 14:59:51 [1;34m[router.go:829][D] | GET        | /campus/vellore/refresh                  | 5.9449833s       | match      | /campus/:campus/refresh/                 | [0m
2016/04/13 15:03:03 [1;35m[router.go:854][C] the request url is  /campus/vellore/refresh [0m
2016/04/13 15:03:03 [1;35m[router.go:855][C] Handler crashed with error interface conversion: interface {} is nil, not *cacheSession.MemCache [0m
2016/04/13 15:03:03 [1;35m[router.go:861][C] /usr/local/go/src/runtime/asm_amd64.s:472 [0m
2016/04/13 15:03:03 [1;35m[router.go:861][C] /usr/local/go/src/runtime/panic.go:426 [0m
2016/04/13 15:03:03 [1;35m[router.go:861][C] /usr/local/go/src/runtime/iface.go:182 [0m
2016/04/13 15:03:03 [1;35m[router.go:861][C] /home/azureuser/go/src/go-MyVIT/api/cache/set.go:16 [0m
2016/04/13 15:03:03 [1;35m[router.go:861][C] /home/azureuser/go/src/go-MyVIT/api/api.go:88 [0m
2016/04/13 15:03:03 [1;35m[router.go:861][C] /home/azureuser/go/src/go-MyVIT/controllers/refresh.go:39 [0m
2016/04/13 15:03:03 [1;35m[router.go:861][C] /usr/local/go/src/runtime/asm_amd64.s:472 [0m
2016/04/13 15:03:03 [1;35m[router.go:861][C] /usr/local/go/src/reflect/value.go:435 [0m
2016/04/13 15:03:03 [1;35m[router.go:861][C] /usr/local/go/src/reflect/value.go:303 [0m
2016/04/13 15:03:03 [1;35m[router.go:861][C] /home/azureuser/go/src/github.com/astaxie/beego/router.go:778 [0m
2016/04/13 15:03:03 [1;35m[router.go:861][C] /usr/local/go/src/net/http/server.go:2081 [0m
2016/04/13 15:03:03 [1;35m[router.go:861][C] /usr/local/go/src/net/http/server.go:1472 [0m
2016/04/13 15:03:03 [1;35m[router.go:861][C] /usr/local/go/src/runtime/asm_amd64.s:1998 [0m
<nil>
https://academics.vit.ac.in/student/home.asp
2016/04/13 15:03:18 [1;34m[router.go:829][D] | GET        | /campus/vellore/login                    | 2.3514867s       | match      | /campus/:campus/login/                   | [0m
https://academics.vit.ac.in/student/stud_home.asp
Working
Number of rows =  23
2016/04/13 15:03:33 [1;34m[router.go:829][D] | GET        | /campus/vellore/refresh                  | 6.2903355s       | match      | /campus/:campus/refresh/                 | [0m
2016/04/13 15:08:03 [1;35m[router.go:854][C] the request url is  /campus/vellore/refresh [0m
2016/04/13 15:08:03 [1;35m[router.go:855][C] Handler crashed with error interface conversion: interface {} is nil, not *cacheSession.MemCache [0m
2016/04/13 15:08:03 [1;35m[router.go:861][C] /usr/local/go/src/runtime/asm_amd64.s:472 [0m
2016/04/13 15:08:03 [1;35m[router.go:861][C] /usr/local/go/src/runtime/panic.go:426 [0m
2016/04/13 15:08:03 [1;35m[router.go:861][C] /usr/local/go/src/runtime/iface.go:182 [0m
2016/04/13 15:08:03 [1;35m[router.go:861][C] /home/azureuser/go/src/go-MyVIT/api/cache/set.go:16 [0m
2016/04/13 15:08:03 [1;35m[router.go:861][C] /home/azureuser/go/src/go-MyVIT/api/api.go:88 [0m
2016/04/13 15:08:03 [1;35m[router.go:861][C] /home/azureuser/go/src/go-MyVIT/controllers/refresh.go:39 [0m
2016/04/13 15:08:03 [1;35m[router.go:861][C] /usr/local/go/src/runtime/asm_amd64.s:472 [0m
2016/04/13 15:08:03 [1;35m[router.go:861][C] /usr/local/go/src/reflect/value.go:435 [0m
2016/04/13 15:08:03 [1;35m[router.go:861][C] /usr/local/go/src/reflect/value.go:303 [0m
2016/04/13 15:08:03 [1;35m[router.go:861][C] /home/azureuser/go/src/github.com/astaxie/beego/router.go:778 [0m
2016/04/13 15:08:03 [1;35m[router.go:861][C] /usr/local/go/src/net/http/server.go:2081 [0m
2016/04/13 15:08:03 [1;35m[router.go:861][C] /usr/local/go/src/net/http/server.go:1472 [0m
2016/04/13 15:08:03 [1;35m[router.go:861][C] /usr/local/go/src/runtime/asm_amd64.s:1998 [0m
<nil>
https://academics.vit.ac.in/student/home.asp
2016/04/13 15:08:16 [1;34m[router.go:829][D] | GET        | /campus/vellore/login                    | 2.27874s         | match      | /campus/:campus/login/                   | [0m
https://academics.vit.ac.in/student/stud_home.asp
Working
Number of rows =  23
2016/04/13 15:08:29 [1;34m[router.go:829][D] | GET        | /campus/vellore/refresh                  | 4.8550629s       | match      | /campus/:campus/refresh/                 | [0m
2016/04/13 18:24:31 [1;34m[parser.go:61][I] /home/azureuser/go/src/go-MyVIT/controllers no changed [0m
2016/04/13 18:24:31 [1;34m[parser.go:61][I] /home/azureuser/go/src/go-MyVIT/controllers no changed [0m
2016/04/13 18:24:31 [1;34m[parser.go:61][I] /home/azureuser/go/src/go-MyVIT/controllers no changed [0m
2016/04/13 18:24:31 [1;34m[parser.go:61][I] /home/azureuser/go/src/go-MyVIT/controllers no changed [0m
2016/04/13 18:24:31 [1;34m[parser.go:61][I] /home/azureuser/go/src/go-MyVIT/controllers no changed [0m
2016/04/13 18:24:31 [1;34m[parser.go:61][I] /home/azureuser/go/src/go-MyVIT/controllers no changed [0m
2016/04/13 18:24:31 [1;34m[parser.go:61][I] /home/azureuser/go/src/go-MyVIT/controllers no changed [0m
2016/04/13 18:24:31 [1;34m[parser.go:61][I] /home/azureuser/go/src/go-MyVIT/controllers no changed [0m
2016/04/13 18:24:31 [1;34m[asm_amd64.s:1998][I] http server Running on :8080[0m
<nil>
https://academics.vit.ac.in/student/home.asp
2016/04/13 18:24:40 [1;34m[router.go:829][D] | GET        | /campus/vellore/login                    | 2.4940058s       | match      | /campus/:campus/login/                   | [0m
https://academics.vit.ac.in/student/marks.asp?sem=WS
<nil>
https://academics.vit.ac.in/student/home.asp
2016/04/13 18:25:31 [1;34m[router.go:829][D] | GET        | /campus/vellore/login                    | 17.8447793s      | match      | /campus/:campus/login/                   | [0m
2016/04/13 18:35:49 [1;34m[parser.go:61][I] /home/azureuser/go/src/go-MyVIT/controllers no changed [0m
2016/04/13 18:35:49 [1;34m[parser.go:61][I] /home/azureuser/go/src/go-MyVIT/controllers no changed [0m
2016/04/13 18:35:49 [1;34m[parser.go:61][I] /home/azureuser/go/src/go-MyVIT/controllers no changed [0m
2016/04/13 18:35:49 [1;34m[parser.go:61][I] /home/azureuser/go/src/go-MyVIT/controllers no changed [0m
2016/04/13 18:35:49 [1;34m[parser.go:61][I] /home/azureuser/go/src/go-MyVIT/controllers no changed [0m
2016/04/13 18:35:49 [1;34m[parser.go:61][I] /home/azureuser/go/src/go-MyVIT/controllers no changed [0m
2016/04/13 18:35:49 [1;34m[parser.go:61][I] /home/azureuser/go/src/go-MyVIT/controllers no changed [0m
2016/04/13 18:35:49 [1;34m[parser.go:61][I] /home/azureuser/go/src/go-MyVIT/controllers no changed [0m
2016/04/13 18:35:49 [1;34m[asm_amd64.s:1998][I] http server Running on :8080[0m
<nil>
https://academics.vit.ac.in/student/home.asp
2016/04/13 18:36:16 [1;34m[router.go:829][D] | GET        | /campus/vellore/login                    | 18.0308003s      | match      | /campus/:campus/login/                   | [0m
2016/04/13 18:36:24 [1;34m[parser.go:61][I] /home/azureuser/go/src/go-MyVIT/controllers no changed [0m
2016/04/13 18:36:24 [1;34m[parser.go:61][I] /home/azureuser/go/src/go-MyVIT/controllers no changed [0m
2016/04/13 18:36:24 [1;34m[parser.go:61][I] /home/azureuser/go/src/go-MyVIT/controllers no changed [0m
2016/04/13 18:36:24 [1;34m[parser.go:61][I] /home/azureuser/go/src/go-MyVIT/controllers no changed [0m
2016/04/13 18:36:24 [1;34m[parser.go:61][I] /home/azureuser/go/src/go-MyVIT/controllers no changed [0m
2016/04/13 18:36:24 [1;34m[parser.go:61][I] /home/azureuser/go/src/go-MyVIT/controllers no changed [0m
2016/04/13 18:36:24 [1;34m[parser.go:61][I] /home/azureuser/go/src/go-MyVIT/controllers no changed [0m
2016/04/13 18:36:24 [1;34m[parser.go:61][I] /home/azureuser/go/src/go-MyVIT/controllers no changed [0m
2016/04/13 18:36:24 [1;34m[asm_amd64.s:1998][I] http server Running on :8080[0m
2016/04/13 18:36:24 [1;35m[asm_amd64.s:1998][C] ListenAndServe: %!(EXTRA *net.OpError=listen tcp :8080: bind: address already in use)[0m
<nil>
2016/04/13 18:36:42 [1;34m[parser.go:61][I] /home/azureuser/go/src/go-MyVIT/controllers no changed [0m
2016/04/13 18:36:42 [1;34m[parser.go:61][I] /home/azureuser/go/src/go-MyVIT/controllers no changed [0m
2016/04/13 18:36:42 [1;34m[parser.go:61][I] /home/azureuser/go/src/go-MyVIT/controllers no changed [0m
2016/04/13 18:36:42 [1;34m[parser.go:61][I] /home/azureuser/go/src/go-MyVIT/controllers no changed [0m
2016/04/13 18:36:42 [1;34m[parser.go:61][I] /home/azureuser/go/src/go-MyVIT/controllers no changed [0m
2016/04/13 18:36:42 [1;34m[parser.go:61][I] /home/azureuser/go/src/go-MyVIT/controllers no changed [0m
2016/04/13 18:36:42 [1;34m[parser.go:61][I] /home/azureuser/go/src/go-MyVIT/controllers no changed [0m
2016/04/13 18:36:42 [1;34m[parser.go:61][I] /home/azureuser/go/src/go-MyVIT/controllers no changed [0m
2016/04/13 18:36:42 [1;34m[asm_amd64.s:1998][I] http server Running on :8080[0m
<nil>
https://academics.vit.ac.in/student/home.asp
2016/04/13 18:36:59 [1;34m[router.go:829][D] | GET        | /campus/vellore/login                    | 2.4571391s       | match      | /campus/:campus/login/                   | [0m
https://academics.vit.ac.in/student/stud_home.asp
https://academics.vit.ac.in/student/stud_home.asp
Working
Number of rows =  26
2016/04/13 18:37:09 [1;34m[router.go:829][D] | GET        | /campus/vellore/refresh                  | 5.0404228s       | match      | /campus/:campus/refresh/                 | [0m
